d:\psyfracs\16.07.17 - ai\drawer2d\debug\drawer2d.pch
d:\psyfracs\16.07.17 - ai\drawer2d\debug\stdafx.obj
d:\psyfracs\16.07.17 - ai\drawer2d\debug\vc110.pdb
d:\psyfracs\16.07.17 - ai\drawer2d\debug\controller.obj
d:\psyfracs\16.07.17 - ai\drawer2d\debug\drawer2d.obj
d:\psyfracs\16.07.17 - ai\drawer2d\debug\interfaces.obj
d:\psyfracs\16.07.17 - ai\drawer2d\debug\menu.obj
d:\psyfracs\16.07.17 - ai\drawer2d\debug\mp3.obj
d:\psyfracs\16.07.17 - ai\drawer2d\debug\renderer.obj
d:\psyfracs\16.07.17 - ai\drawer2d\debug\signal.obj
d:\psyfracs\16.07.17 - ai\drawer2d\debug\user.obj
䑞尺卐䙙䅒千ㅜ⸶㜰ㄮ‷‭䥁䑜慲敷㉲屄牄睡牥䐲瘮硣牰橯਍㩄停奓剆䍁屓㘱〮⸷㜱ⴠ䄠屉敄畢屧牄睡牥䐲氮扩਍㩄停奓剆䍁屓㘱〮⸷㜱ⴠ䄠屉敄畢屧牄睡牥䐲氮扩਍㩄停奓剆䍁屓㘱〮⸷㜱ⴠ䄠屉敄畢屧牄睡牥䐲攮灸਍㩄停奓剆䍁屓㘱〮⸷㜱ⴠ䄠屉敄畢屧牄睡牥䐲攮灸਍䑞尺卐䙙䅒千ㅜ⸶㜰ㄮ‷‭䥁䑜慲敷㉲屄牄睡牥䐲瘮硣牰橯਍㩄停奓剆䍁屓㘱〮⸷㜱ⴠ䄠屉敄畢屧牄睡牥䐲氮扩਍㩄停奓剆䍁屓㘱〮⸷㜱ⴠ䄠屉敄畢屧牄睡牥䐲氮扩਍㩄停奓剆䍁屓㘱〮⸷㜱ⴠ䄠屉敄畢屧牄睡牥䐲攮灸਍㩄停奓剆䍁屓㘱〮⸷㜱ⴠ䄠屉敄畢屧牄睡牥䐲攮灸਍䑞尺卐䙙䅒千ㅜ⸶㜰ㄮ‷‭䥁䑜慲敷㉲屄牄睡牥䐲瘮硣牰橯਍㩄停奓剆䍁屓㘱〮⸷㜱ⴠ䄠屉敄畢屧牄睡牥䐲氮扩਍㩄停奓剆䍁屓㘱〮⸷㜱ⴠ䄠屉敄畢屧牄睡牥䐲氮扩਍㩄停奓剆䍁屓㘱〮⸷㜱ⴠ䄠屉敄畢屧牄睡牥䐲攮灸਍㩄停奓剆䍁屓㘱〮⸷㜱ⴠ䄠屉敄畢屧牄睡牥䐲攮灸਍䑞尺卐䙙䅒千ㅜ⸶㜰ㄮ‷‭䥁䑜慲敷㉲屄牄睡牥䐲瘮硣牰橯਍㩄停奓剆䍁屓㘱〮⸷㜱ⴠ䄠屉敄畢屧牄睡牥䐲氮扩਍㩄停奓剆䍁屓㘱〮⸷㜱ⴠ䄠屉敄畢屧牄睡牥䐲氮扩਍㩄停奓剆䍁屓㘱〮⸷㜱ⴠ䄠屉敄畢屧牄睡牥䐲攮灸਍㩄停奓剆䍁屓㘱〮⸷㜱ⴠ䄠屉敄畢屧牄睡牥䐲攮灸਍
d:\psyfracs\16.07.17 - ai\debug\drawer2d.exe
d:\psyfracs\16.07.17 - ai\debug\drawer2d.pdb
d:\psyfracs\16.07.17 - ai\drawer2d\debug\drawer2d.res
c:\psyfracs\01.03.18 - new sound\drawer2d\debug\drawer2d.pch
c:\psyfracs\01.03.18 - new sound\drawer2d\debug\vc141.pdb
c:\psyfracs\01.03.18 - new sound\drawer2d\debug\vc141.idb
c:\psyfracs\01.03.18 - new sound\drawer2d\debug\stdafx.obj
c:\psyfracs\01.03.18 - new sound\drawer2d\debug\controller.obj
c:\psyfracs\01.03.18 - new sound\drawer2d\debug\drawer2d.obj
c:\psyfracs\01.03.18 - new sound\drawer2d\debug\interfaces.obj
c:\psyfracs\01.03.18 - new sound\drawer2d\debug\menu.obj
c:\psyfracs\01.03.18 - new sound\drawer2d\debug\mp3.obj
c:\psyfracs\01.03.18 - new sound\drawer2d\debug\renderer.obj
c:\psyfracs\01.03.18 - new sound\drawer2d\debug\signal.obj
c:\psyfracs\01.03.18 - new sound\drawer2d\debug\user.obj
c:\psyfracs\01.03.18 - new sound\debug\drawer2d.lib
c:\psyfracs\01.03.18 - new sound\debug\drawer2d.exp
c:\psyfracs\01.03.18 - new sound\debug\drawer2d.exe
c:\psyfracs\01.03.18 - new sound\debug\drawer2d.pdb
c:\psyfracs\01.03.18 - new sound\drawer2d\debug\drawer2d.res
c:\psyfracs\01.03.18 - new sound\drawer2d\debug\cudacomplex.cu.cache
c:\psyfracs\01.03.18 - new sound\drawer2d\debug\cudafunction.cu.cache
c:\psyfracs\01.03.18 - new sound\drawer2d\debug\cudacomplex.cu.obj
c:\psyfracs\01.03.18 - new sound\drawer2d\debug\cudafunction.cu.obj
c:\psyfracs\01.03.18 - new sound\drawer2d\debug\cl.command.1.tlog
c:\psyfracs\01.03.18 - new sound\drawer2d\debug\cl.read.1.tlog
c:\psyfracs\01.03.18 - new sound\drawer2d\debug\cl.write.1.tlog
c:\psyfracs\01.03.18 - new sound\drawer2d\debug\drawer2d.write.1.tlog
c:\psyfracs\01.03.18 - new sound\drawer2d\debug\link-cvtres.read.1.tlog
c:\psyfracs\01.03.18 - new sound\drawer2d\debug\link-cvtres.write.1.tlog
c:\psyfracs\01.03.18 - new sound\drawer2d\debug\link-rc.read.1.tlog
c:\psyfracs\01.03.18 - new sound\drawer2d\debug\link-rc.write.1.tlog
c:\psyfracs\01.03.18 - new sound\drawer2d\debug\link.command.1.tlog
c:\psyfracs\01.03.18 - new sound\drawer2d\debug\link.read.1.tlog
c:\psyfracs\01.03.18 - new sound\drawer2d\debug\link.write.1.tlog
c:\psyfracs\01.03.18 - new sound\drawer2d\debug\rc.command.1.tlog
c:\psyfracs\01.03.18 - new sound\drawer2d\debug\rc.read.1.tlog
c:\psyfracs\01.03.18 - new sound\drawer2d\debug\rc.write.1.tlog
c:\psyfracs\01.03.18 - new sound\drawer2d\debug\vc110.idb
c:\psyfracs\01.03.18 - new sound\drawer2d\debug\vc110.pdb
c:\psyfracs\01.03.18 - new sound\drawer2d\debug\drawer2d.tlog\cl.command.1.tlog
c:\psyfracs\01.03.18 - new sound\drawer2d\debug\drawer2d.tlog\cl.read.1.tlog
c:\psyfracs\01.03.18 - new sound\drawer2d\debug\drawer2d.tlog\cl.write.1.tlog
c:\psyfracs\01.03.18 - new sound\drawer2d\debug\drawer2d.tlog\drawer2d.write.1u.tlog
c:\psyfracs\01.03.18 - new sound\drawer2d\debug\drawer2d.tlog\link.command.1.tlog
c:\psyfracs\01.03.18 - new sound\drawer2d\debug\drawer2d.tlog\link.delete.1.tlog
c:\psyfracs\01.03.18 - new sound\drawer2d\debug\drawer2d.tlog\link.read.1.tlog
c:\psyfracs\01.03.18 - new sound\drawer2d\debug\drawer2d.tlog\link.write.1.tlog
c:\psyfracs\01.03.18 - new sound\drawer2d\debug\drawer2d.tlog\rc.command.1.tlog
c:\psyfracs\01.03.18 - new sound\drawer2d\debug\drawer2d.tlog\rc.read.1.tlog
c:\psyfracs\01.03.18 - new sound\drawer2d\debug\drawer2d.tlog\rc.write.1.tlog
